c:\users\nick\2023autonomy\rover-autonomy\build\calib.dir\debug\vc142.pdb
c:\users\nick\2023autonomy\rover-autonomy\build\calib.dir\debug\calibrator.obj
c:\users\nick\2023autonomy\rover-autonomy\build\calib.dir\debug\calibrationmain.obj
c:\users\nick\2023autonomy\rover-autonomy\build\cmakefiles\generate.stamp
c:\users\nick\2023autonomy\rover-autonomy\build\debug\calib.pdb
c:\users\nick\2023autonomy\rover-autonomy\build\calib.dir\debug\calib.tlog\cl.command.1.tlog
c:\users\nick\2023autonomy\rover-autonomy\build\calib.dir\debug\calib.tlog\cl.read.1.tlog
c:\users\nick\2023autonomy\rover-autonomy\build\calib.dir\debug\calib.tlog\cl.write.1.tlog
c:\users\nick\2023autonomy\rover-autonomy\build\calib.dir\debug\calib.tlog\custombuild.command.1.tlog
c:\users\nick\2023autonomy\rover-autonomy\build\calib.dir\debug\calib.tlog\custombuild.read.1.tlog
c:\users\nick\2023autonomy\rover-autonomy\build\calib.dir\debug\calib.tlog\custombuild.write.1.tlog
c:\users\nick\2023autonomy\rover-autonomy\build\calib.dir\debug\calib.tlog\link-cvtres.read.1.tlog
c:\users\nick\2023autonomy\rover-autonomy\build\calib.dir\debug\calib.tlog\link-cvtres.write.1.tlog
c:\users\nick\2023autonomy\rover-autonomy\build\calib.dir\debug\calib.tlog\link-rc.read.1.tlog
c:\users\nick\2023autonomy\rover-autonomy\build\calib.dir\debug\calib.tlog\link-rc.write.1.tlog
c:\users\nick\2023autonomy\rover-autonomy\build\calib.dir\debug\calib.tlog\link.5836-cvtres.read.1.tlog
c:\users\nick\2023autonomy\rover-autonomy\build\calib.dir\debug\calib.tlog\link.5836-cvtres.write.1.tlog
c:\users\nick\2023autonomy\rover-autonomy\build\calib.dir\debug\calib.tlog\link.5836-rc.read.1.tlog
c:\users\nick\2023autonomy\rover-autonomy\build\calib.dir\debug\calib.tlog\link.5836-rc.write.1.tlog
c:\users\nick\2023autonomy\rover-autonomy\build\calib.dir\debug\calib.tlog\link.5836.read.1.tlog
c:\users\nick\2023autonomy\rover-autonomy\build\calib.dir\debug\calib.tlog\link.5836.write.1.tlog
c:\users\nick\2023autonomy\rover-autonomy\build\calib.dir\debug\calib.tlog\link.command.1.tlog
c:\users\nick\2023autonomy\rover-autonomy\build\calib.dir\debug\calib.tlog\link.read.1.tlog
c:\users\nick\2023autonomy\rover-autonomy\build\calib.dir\debug\calib.tlog\link.write.1.tlog
